[debug] [2022-07-14T15:04:35.471Z] ----------------------------------------------------------------------
[debug] [2022-07-14T15:04:35.472Z] Command:       C:\Program Files\nodejs\node.exe C:\Program Files\nodejs\node_modules\firebase-tools\lib\bin\firebase.js init
[debug] [2022-07-14T15:04:35.473Z] CLI Version:   11.2.2
[debug] [2022-07-14T15:04:35.473Z] Platform:      win32
[debug] [2022-07-14T15:04:35.473Z] Node Version:  v16.15.0
[debug] [2022-07-14T15:04:35.474Z] Time:          Thu Jul 14 2022 16:04:35 GMT+0100 (West Africa Standard Time)
[debug] [2022-07-14T15:04:35.474Z] ----------------------------------------------------------------------
[debug] 
[debug] [2022-07-14T15:04:35.480Z] > command requires scopes: ["email","openid","https://www.googleapis.com/auth/cloudplatformprojects.readonly","https://www.googleapis.com/auth/firebase","https://www.googleapis.com/auth/cloud-platform"]
[debug] [2022-07-14T15:04:35.481Z] > authorizing via signed-in user (troudi.abderrazek@gmail.com)
[info] 
     ######## #### ########  ######## ########     ###     ######  ########
     ##        ##  ##     ## ##       ##     ##  ##   ##  ##       ##
     ######    ##  ########  ######   ########  #########  ######  ######
     ##        ##  ##    ##  ##       ##     ## ##     ##       ## ##
     ##       #### ##     ## ######## ########  ##     ##  ######  ########

You're about to initialize a Firebase project in this directory:

  C:\Users\USER1\Desktop\ssss\front_end

[info] 
=== Project Setup
[info] 
[info] First, let's associate this project directory with a Firebase project.
[info] You can create multiple project aliases by running firebase use --add, 
[info] but for now we'll just set up a default project.
[info] 
[debug] [2022-07-14T15:04:45.768Z] Using project from CLI flag: qualtech-5aec2
[debug] [2022-07-14T15:04:45.770Z] >>> [apiv2][query] GET https://firebase.googleapis.com/v1beta1/projects/qualtech-5aec2 [none]
[debug] [2022-07-14T15:04:46.317Z] <<< [apiv2][status] GET https://firebase.googleapis.com/v1beta1/projects/qualtech-5aec2 403
[debug] [2022-07-14T15:04:46.318Z] <<< [apiv2][body] GET https://firebase.googleapis.com/v1beta1/projects/qualtech-5aec2 {"error":{"code":403,"message":"The caller does not have permission","status":"PERMISSION_DENIED"}}
[debug] [2022-07-14T15:04:46.318Z] HTTP Error: 403, The caller does not have permission
[debug] [2022-07-14T15:04:46.319Z] FirebaseError: HTTP Error: 403, The caller does not have permission
    at responseToError (C:\Users\USER1\AppData\Roaming\nvm\v16.15.0\node_modules\firebase-tools\lib\responseToError.js:49:12)
    at RetryOperation._fn (C:\Users\USER1\AppData\Roaming\nvm\v16.15.0\node_modules\firebase-tools\lib\apiv2.js:287:77)
    at processTicksAndRejections (node:internal/process/task_queues:96:5)
[error] 
[error] Error: Failed to get Firebase project qualtech-5aec2. Please make sure the project exists and your account has permission to access it.
[debug] [2022-07-14T15:05:13.198Z] ----------------------------------------------------------------------
[debug] [2022-07-14T15:05:13.200Z] Command:       C:\Program Files\nodejs\node.exe C:\Program Files\nodejs\node_modules\firebase-tools\lib\bin\firebase.js init
[debug] [2022-07-14T15:05:13.200Z] CLI Version:   11.2.2
[debug] [2022-07-14T15:05:13.200Z] Platform:      win32
[debug] [2022-07-14T15:05:13.200Z] Node Version:  v16.15.0
[debug] [2022-07-14T15:05:13.201Z] Time:          Thu Jul 14 2022 16:05:13 GMT+0100 (West Africa Standard Time)
[debug] [2022-07-14T15:05:13.202Z] ----------------------------------------------------------------------
[debug] 
[debug] [2022-07-14T15:05:13.210Z] > command requires scopes: ["email","openid","https://www.googleapis.com/auth/cloudplatformprojects.readonly","https://www.googleapis.com/auth/firebase","https://www.googleapis.com/auth/cloud-platform"]
[debug] [2022-07-14T15:05:13.211Z] > authorizing via signed-in user (troudi.abderrazek@gmail.com)
[info] 
     ######## #### ########  ######## ########     ###     ######  ########
     ##        ##  ##     ## ##       ##     ##  ##   ##  ##       ##
     ######    ##  ########  ######   ########  #########  ######  ######
     ##        ##  ##    ##  ##       ##     ## ##     ##       ## ##
     ##       #### ##     ## ######## ########  ##     ##  ######  ########

You're about to initialize a Firebase project in this directory:

  C:\Users\USER1\Desktop\ssss\front_end

[info] 
=== Project Setup
[info] 
[info] First, let's associate this project directory with a Firebase project.
[info] You can create multiple project aliases by running firebase use --add, 
[info] but for now we'll just set up a default project.
[info] 
[debug] [2022-07-14T15:05:25.131Z] Using project from CLI flag: qualtech-5aec2
[debug] [2022-07-14T15:05:25.133Z] >>> [apiv2][query] GET https://firebase.googleapis.com/v1beta1/projects/qualtech-5aec2 [none]
[debug] [2022-07-14T15:05:25.616Z] <<< [apiv2][status] GET https://firebase.googleapis.com/v1beta1/projects/qualtech-5aec2 403
[debug] [2022-07-14T15:05:25.616Z] <<< [apiv2][body] GET https://firebase.googleapis.com/v1beta1/projects/qualtech-5aec2 {"error":{"code":403,"message":"The caller does not have permission","status":"PERMISSION_DENIED"}}
[debug] [2022-07-14T15:05:25.616Z] HTTP Error: 403, The caller does not have permission
[debug] [2022-07-14T15:05:25.617Z] FirebaseError: HTTP Error: 403, The caller does not have permission
    at responseToError (C:\Users\USER1\AppData\Roaming\nvm\v16.15.0\node_modules\firebase-tools\lib\responseToError.js:49:12)
    at RetryOperation._fn (C:\Users\USER1\AppData\Roaming\nvm\v16.15.0\node_modules\firebase-tools\lib\apiv2.js:287:77)
    at processTicksAndRejections (node:internal/process/task_queues:96:5)
[error] 
[error] Error: Failed to get Firebase project qualtech-5aec2. Please make sure the project exists and your account has permission to access it.
[debug] [2022-07-14T15:05:29.341Z] ----------------------------------------------------------------------
[debug] [2022-07-14T15:05:29.343Z] Command:       C:\Program Files\nodejs\node.exe C:\Program Files\nodejs\node_modules\firebase-tools\lib\bin\firebase.js init
[debug] [2022-07-14T15:05:29.343Z] CLI Version:   11.2.2
[debug] [2022-07-14T15:05:29.343Z] Platform:      win32
[debug] [2022-07-14T15:05:29.343Z] Node Version:  v16.15.0
[debug] [2022-07-14T15:05:29.344Z] Time:          Thu Jul 14 2022 16:05:29 GMT+0100 (West Africa Standard Time)
[debug] [2022-07-14T15:05:29.344Z] ----------------------------------------------------------------------
[debug] 
[debug] [2022-07-14T15:05:29.351Z] > command requires scopes: ["email","openid","https://www.googleapis.com/auth/cloudplatformprojects.readonly","https://www.googleapis.com/auth/firebase","https://www.googleapis.com/auth/cloud-platform"]
[debug] [2022-07-14T15:05:29.352Z] > authorizing via signed-in user (troudi.abderrazek@gmail.com)
[info] 
     ######## #### ########  ######## ########     ###     ######  ########
     ##        ##  ##     ## ##       ##     ##  ##   ##  ##       ##
     ######    ##  ########  ######   ########  #########  ######  ######
     ##        ##  ##    ##  ##       ##     ## ##     ##       ## ##
     ##       #### ##     ## ######## ########  ##     ##  ######  ########

You're about to initialize a Firebase project in this directory:

  C:\Users\USER1\Desktop\ssss\front_end

[info] 
=== Project Setup
[info] 
[info] First, let's associate this project directory with a Firebase project.
[info] You can create multiple project aliases by running firebase use --add, 
[info] but for now we'll just set up a default project.
[info] 
[debug] [2022-07-14T15:05:37.722Z] Using project from CLI flag: qualtech-5aec2
[debug] [2022-07-14T15:05:37.724Z] >>> [apiv2][query] GET https://firebase.googleapis.com/v1beta1/projects/qualtech-5aec2 [none]
[debug] [2022-07-14T15:05:38.195Z] <<< [apiv2][status] GET https://firebase.googleapis.com/v1beta1/projects/qualtech-5aec2 403
[debug] [2022-07-14T15:05:38.196Z] <<< [apiv2][body] GET https://firebase.googleapis.com/v1beta1/projects/qualtech-5aec2 {"error":{"code":403,"message":"The caller does not have permission","status":"PERMISSION_DENIED"}}
[debug] [2022-07-14T15:05:38.196Z] HTTP Error: 403, The caller does not have permission
[debug] [2022-07-14T15:05:38.197Z] FirebaseError: HTTP Error: 403, The caller does not have permission
    at responseToError (C:\Users\USER1\AppData\Roaming\nvm\v16.15.0\node_modules\firebase-tools\lib\responseToError.js:49:12)
    at RetryOperation._fn (C:\Users\USER1\AppData\Roaming\nvm\v16.15.0\node_modules\firebase-tools\lib\apiv2.js:287:77)
    at processTicksAndRejections (node:internal/process/task_queues:96:5)
[error] 
[error] Error: Failed to get Firebase project qualtech-5aec2. Please make sure the project exists and your account has permission to access it.
